Using pre-set license
Built from '2021.3/staging' branch; Version is '2021.3.18f1 (3129e69bc0c7) revision 3221990'; Using compiler version '192829333'; Build Type 'Release'
OS: 'Windows 11  (10.0.22000) 64bit Professional' Language: 'en' Physical Memory: 16322 MB
BatchMode: 1, IsHumanControllingUs: 0, StartBugReporterOnCrash: 0, Is64bit: 1, IsPro: 1

COMMAND LINE ARGUMENTS:
C:\Program Files\Unity\Hub\Editor\2021.3.18f1\Editor\Unity.exe
-adb2
-batchMode
-noUpm
-name
AssetImportWorker2
-projectPath
D:/Marmalades/Marmaldes
-logFile
Logs/AssetImportWorker2.log
-srvPort
61784
Successfully changed project path to: D:/Marmalades/Marmaldes
D:/Marmalades/Marmaldes
[UnityMemory] Configuration Parameters - Can be set up in boot.config
    "memorysetup-bucket-allocator-granularity=16"
    "memorysetup-bucket-allocator-bucket-count=8"
    "memorysetup-bucket-allocator-block-size=33554432"
    "memorysetup-bucket-allocator-block-count=8"
    "memorysetup-main-allocator-block-size=16777216"
    "memorysetup-thread-allocator-block-size=16777216"
    "memorysetup-gfx-main-allocator-block-size=16777216"
    "memorysetup-gfx-thread-allocator-block-size=16777216"
    "memorysetup-cache-allocator-block-size=4194304"
    "memorysetup-typetree-allocator-block-size=2097152"
    "memorysetup-profiler-bucket-allocator-granularity=16"
    "memorysetup-profiler-bucket-allocator-bucket-count=8"
    "memorysetup-profiler-bucket-allocator-block-size=33554432"
    "memorysetup-profiler-bucket-allocator-block-count=8"
    "memorysetup-profiler-allocator-block-size=16777216"
    "memorysetup-profiler-editor-allocator-block-size=1048576"
    "memorysetup-temp-allocator-size-main=16777216"
    "memorysetup-job-temp-allocator-block-size=2097152"
    "memorysetup-job-temp-allocator-block-size-background=1048576"
    "memorysetup-job-temp-allocator-reduction-small-platforms=262144"
    "memorysetup-temp-allocator-size-background-worker=32768"
    "memorysetup-temp-allocator-size-job-worker=262144"
    "memorysetup-temp-allocator-size-preload-manager=33554432"
    "memorysetup-temp-allocator-size-nav-mesh-worker=65536"
    "memorysetup-temp-allocator-size-audio-worker=65536"
    "memorysetup-temp-allocator-size-cloud-worker=32768"
    "memorysetup-temp-allocator-size-gi-baking-worker=262144"
    "memorysetup-temp-allocator-size-gfx=262144"
Player connection [7504] Host "[IP] 192.168.1.93 [Port] 0 [Flags] 2 [Guid] 1847149651 [EditorId] 1847149651 [Version] 1048832 [Id] WindowsEditor(7,HEX) [Debug] 1 [PackageName] WindowsEditor [ProjectName] Editor" joined multi-casting on [225.0.0.222:54997]...

Player connection [7504] Host "[IP] 192.168.1.93 [Port] 0 [Flags] 2 [Guid] 1847149651 [EditorId] 1847149651 [Version] 1048832 [Id] WindowsEditor(7,HEX) [Debug] 1 [PackageName] WindowsEditor [ProjectName] Editor" joined alternative multi-casting on [225.0.0.222:34997]...

Refreshing native plugins compatible for Editor in 132.70 ms, found 4 plugins.
Preloading 0 native plugins for Editor in 0.00 ms.
Initialize engine version: 2021.3.18f1 (3129e69bc0c7)
[Subsystems] Discovering subsystems at path C:/Program Files/Unity/Hub/Editor/2021.3.18f1/Editor/Data/Resources/UnitySubsystems
[Subsystems] Discovering subsystems at path D:/Marmalades/Marmaldes/Assets
GfxDevice: creating device client; threaded=0; jobified=0
Direct3D:
    Version:  Direct3D 11.0 [level 11.1]
    Renderer: NVIDIA GeForce GTX 1660 SUPER (ID=0x21c4)
    Vendor:   NVIDIA
    VRAM:     5992 MB
    Driver:   30.0.15.1277
Initialize mono
Mono path[0] = 'C:/Program Files/Unity/Hub/Editor/2021.3.18f1/Editor/Data/Managed'
Mono path[1] = 'C:/Program Files/Unity/Hub/Editor/2021.3.18f1/Editor/Data/MonoBleedingEdge/lib/mono/unityjit-win32'
Mono config path = 'C:/Program Files/Unity/Hub/Editor/2021.3.18f1/Editor/Data/MonoBleedingEdge/etc'
Using monoOptions --debugger-agent=transport=dt_socket,embedding=1,server=y,suspend=n,address=127.0.0.1:56064
Begin MonoManager ReloadAssembly
Registering precompiled unity dll's ...
Register platform support module: C:/Program Files/Unity/Hub/Editor/2021.3.18f1/Editor/Data/PlaybackEngines/WebGLSupport/UnityEditor.WebGL.Extensions.dll
Register platform support module: C:/Program Files/Unity/Hub/Editor/2021.3.18f1/Editor/Data/PlaybackEngines/WindowsStandaloneSupport/UnityEditor.WindowsStandalone.Extensions.dll
Registered in 0.005427 seconds.
Native extension for WindowsStandalone target not found
Native extension for WebGL target not found
Refreshing native plugins compatible for Editor in 111.95 ms, found 4 plugins.
Preloading 0 native plugins for Editor in 0.00 ms.
Mono: successfully reloaded assembly
- Completed reload, in  0.735 seconds
Domain Reload Profiling:
	ReloadAssembly (736ms)
		BeginReloadAssembly (84ms)
			ExecutionOrderSort (0ms)
			DisableScriptedObjects (0ms)
			BackupInstance (0ms)
			ReleaseScriptingObjects (0ms)
			CreateAndSetChildDomain (1ms)
		EndReloadAssembly (531ms)
			LoadAssemblies (82ms)
			RebuildTransferFunctionScriptingTraits (0ms)
			SetupTypeCache (129ms)
			ReleaseScriptCaches (0ms)
			RebuildScriptCaches (37ms)
			SetupLoadedEditorAssemblies (304ms)
				LogAssemblyErrors (0ms)
				InitializePlatformSupportModulesInManaged (11ms)
				SetLoadedEditorAssemblies (0ms)
				RefreshPlugins (112ms)
				BeforeProcessingInitializeOnLoad (1ms)
				ProcessInitializeOnLoadAttributes (137ms)
				ProcessInitializeOnLoadMethodAttributes (43ms)
				AfterProcessingInitializeOnLoad (0ms)
				EditorAssembliesLoaded (0ms)
			ExecutionOrderSort2 (0ms)
			AwakeInstancesAfterBackupRestoration (0ms)
Platform modules already initialized, skipping
Registering precompiled user dll's ...
Registered in 0.004321 seconds.
Begin MonoManager ReloadAssembly
Native extension for WindowsStandalone target not found
Native extension for WebGL target not found
Refreshing native plugins compatible for Editor in 112.04 ms, found 4 plugins.
Preloading 0 native plugins for Editor in 0.00 ms.
System.Exception: Error! Visual Scripting: couldn't find visual scripting package
  at Unity.VisualScripting.PackageVersionUtility.get_version () [0x00043] in D:\Marmalades\Marmaldes\Library\PackageCache\com.unity.visualscripting@1.8.0\Editor\VisualScripting.Core\Utilities\PackageVersionUtility.cs:31 
  at Unity.VisualScripting.BoltCoreManifest.get_version () [0x00000] in D:\Marmalades\Marmaldes\Library\PackageCache\com.unity.visualscripting@1.8.0\Editor\VisualScripting.Core\Plugin\BoltCoreManifest.cs:11 
  at Unity.VisualScripting.PluginManifest.get_currentVersion () [0x00000] in D:\Marmalades\Marmaldes\Library\PackageCache\com.unity.visualscripting@1.8.0\Editor\VisualScripting.Core\Plugins\PluginManifest.cs:33 
  at Unity.VisualScripting.PluginManifest.get_versionMismatch () [0x00000] in D:\Marmalades\Marmaldes\Library\PackageCache\com.unity.visualscripting@1.8.0\Editor\VisualScripting.Core\Plugins\PluginManifest.cs:48 
  at Unity.VisualScripting.PluginContainer.Initialize () [0x00525] in D:\Marmalades\Marmaldes\Library\PackageCache\com.unity.visualscripting@1.8.0\Editor\VisualScripting.Core\Plugins\PluginContainer.cs:208 
  at Unity.VisualScripting.PluginContainer.InitializeOnLoad () [0x00009] in D:\Marmalades\Marmaldes\Library\PackageCache\com.unity.visualscripting@1.8.0\Editor\VisualScripting.Core\Plugins\PluginContainer.cs:32 
  at Unity.VisualScripting.VSUsageUtility.DoInitializeOnLoadCalls () [0x00034] in D:\Marmalades\Marmaldes\Library\PackageCache\com.unity.visualscripting@1.8.0\Editor\VisualScripting.Core\Utilities\VSUsageUtility.cs:76 
  at Unity.VisualScripting.VSUsageUtility.set_isVisualScriptingUsed (System.Boolean value) [0x0002c] in D:\Marmalades\Marmaldes\Library\PackageCache\com.unity.visualscripting@1.8.0\Editor\VisualScripting.Core\Utilities\VSUsageUtility.cs:114 
  at Unity.VisualScripting.VSUsageUtility.CheckAndSetIsVisualScriptingUsed () [0x00032] in D:\Marmalades\Marmaldes\Library\PackageCache\com.unity.visualscripting@1.8.0\Editor\VisualScripting.Core\Utilities\VSUsageUtility.cs:48 
  at Unity.VisualScripting.VSUsageUtility..cctor () [0x00000] in D:\Marmalades\Marmaldes\Library\PackageCache\com.unity.visualscripting@1.8.0\Editor\VisualScripting.Core\Utilities\VSUsageUtility.cs:22 
UnityEngine.StackTraceUtility:ExtractStackTrace ()
UnityEngine.DebugLogHandler:LogFormat (UnityEngine.LogType,UnityEngine.Object,string,object[])
UnityEngine.Logger:Log (UnityEngine.LogType,object)
UnityEngine.Debug:LogError (object)
UnityEditor.EditorAssemblies:ProcessInitializeOnLoadAttributes (System.Type[])

System.InvalidOperationException: The operation is not possible when moved past all properties (Next returned false)
  at UnityEditor.SerializedProperty.get_stringValue () [0x00013] in <42a64fd733d9417da1ea3a757ad9a96d>:0 
  at DevionGames.WriteInputManager.AxisDefined (System.String axisName) [0x0003c] in D:\Marmalades\Marmaldes\Assets\Devion Games\Third Person Controller\Scripts\Editor\WriteInputManager.cs:84 
  at DevionGames.WriteInputManager..cctor () [0x00000] in D:\Marmalades\Marmaldes\Assets\Devion Games\Third Person Controller\Scripts\Editor\WriteInputManager.cs:13 
UnityEngine.StackTraceUtility:ExtractStackTrace ()
UnityEngine.DebugLogHandler:LogFormat (UnityEngine.LogType,UnityEngine.Object,string,object[])
UnityEngine.Logger:Log (UnityEngine.LogType,object)
UnityEngine.Debug:LogError (object)
UnityEditor.EditorAssemblies:ProcessInitializeOnLoadAttributes (System.Type[])

Mono: successfully reloaded assembly
- Completed reload, in  1.663 seconds
Domain Reload Profiling:
	ReloadAssembly (1663ms)
		BeginReloadAssembly (106ms)
			ExecutionOrderSort (0ms)
			DisableScriptedObjects (6ms)
			BackupInstance (0ms)
			ReleaseScriptingObjects (0ms)
			CreateAndSetChildDomain (18ms)
		EndReloadAssembly (1445ms)
			LoadAssemblies (83ms)
			RebuildTransferFunctionScriptingTraits (0ms)
			SetupTypeCache (325ms)
			ReleaseScriptCaches (1ms)
			RebuildScriptCaches (78ms)
			SetupLoadedEditorAssemblies (911ms)
				LogAssemblyErrors (0ms)
				InitializePlatformSupportModulesInManaged (5ms)
				SetLoadedEditorAssemblies (0ms)
				RefreshPlugins (112ms)
				BeforeProcessingInitializeOnLoad (99ms)
				ProcessInitializeOnLoadAttributes (654ms)
				ProcessInitializeOnLoadMethodAttributes (34ms)
				AfterProcessingInitializeOnLoad (6ms)
				EditorAssembliesLoaded (0ms)
			ExecutionOrderSort2 (0ms)
			AwakeInstancesAfterBackupRestoration (5ms)
Platform modules already initialized, skipping
========================================================================
Worker process is ready to serve import requests
Launched and connected shader compiler UnityShaderCompiler.exe after 0.07 seconds
Refreshing native plugins compatible for Editor in 1.31 ms, found 4 plugins.
Preloading 0 native plugins for Editor in 0.00 ms.
Unloading 4816 Unused Serialized files (Serialized files now loaded: 0)
Unloading 46 unused Assets / (186.4 KB). Loaded Objects now: 5275.
Memory consumption went from 182.3 MB to 182.1 MB.
Total: 12.413100 ms (FindLiveObjects: 0.388300 ms CreateObjectMapping: 0.416100 ms MarkObjects: 11.440100 ms  DeleteObjects: 0.167500 ms)

AssetImportParameters requested are different than current active one (requested -> active):
  custom:video-decoder-ogg-theora: a1e56fd34408186e4bbccfd4996cb3dc -> 
  custom:container-muxer-webm: aa71ff27fc2769a1b78a27578f13a17b -> 
  custom:container-demuxer-webm: 4f35f7cbe854078d1ac9338744f61a02 -> 
  custom:video-encoder-webm-vp8: eb34c28f22e8b96e1ab97ce403110664 -> 
  custom:audio-encoder-webm-vorbis: bf7c407c2cedff20999df2af8eb42d56 -> 
  custom:framework-win-MediaFoundation: 216162199b28c13a410421893ffa2e32 -> 
  custom:container-demuxer-ogg: 62fdf1f143b41e24485cea50d1cbac27 -> 
  custom:video-decoder-webm-vp8: 9c59270c3fd7afecdb556c50c9e8de78 -> 
  custom:audio-decoder-ogg-vorbis: bf7c407c2cedff20999df2af8eb42d56 -> 
========================================================================
Received Import Request.
  Time since last request: 366550.711915 seconds.
  path: Assets/Devion Games/Inventory System/Examples/Animations
  artifactKey: Guid(4979c43042eb05f4783bd4b16c240b3b) Importer(815301076,1909f56bfc062723c751e8b465ee728b)
Start importing Assets/Devion Games/Inventory System/Examples/Animations using Guid(4979c43042eb05f4783bd4b16c240b3b) Importer(815301076,1909f56bfc062723c751e8b465ee728b)  -> (artifact id: 'a752c14f94bca67c1fc1604db43360fc') in 0.016504 seconds 
========================================================================
Received Import Request.
  Time since last request: 4.409695 seconds.
  path: Assets/Devion Games/Inventory System/Examples/Presets
  artifactKey: Guid(7601a7f5c347b274fa71c6da442e74ee) Importer(815301076,1909f56bfc062723c751e8b465ee728b)
Start importing Assets/Devion Games/Inventory System/Examples/Presets using Guid(7601a7f5c347b274fa71c6da442e74ee) Importer(815301076,1909f56bfc062723c751e8b465ee728b)  -> (artifact id: '67cf5b371cde3a3fa622591fd2946b64') in 0.007618 seconds 
========================================================================
Received Import Request.
  Time since last request: 0.088419 seconds.
  path: Assets/Devion Games/Inventory System/Examples/Presets/Layers.preset
  artifactKey: Guid(85feae0fb64f7f544bd0c8ca0c8e9335) Importer(815301076,1909f56bfc062723c751e8b465ee728b)
Start importing Assets/Devion Games/Inventory System/Examples/Presets/Layers.preset using Guid(85feae0fb64f7f544bd0c8ca0c8e9335) Importer(815301076,1909f56bfc062723c751e8b465ee728b)  -> (artifact id: 'a41196588bad2899c6db4afae6207185') in 0.033809 seconds 
========================================================================
Received Import Request.
  Time since last request: 2.269830 seconds.
  path: Assets/Devion Games/Inventory System/Examples/Prefabs
  artifactKey: Guid(241bebaa28ae72a4dad31ef76a6d2415) Importer(815301076,1909f56bfc062723c751e8b465ee728b)
Start importing Assets/Devion Games/Inventory System/Examples/Prefabs using Guid(241bebaa28ae72a4dad31ef76a6d2415) Importer(815301076,1909f56bfc062723c751e8b465ee728b)  -> (artifact id: 'f052501cc94607d7a98d52ce1fe6070e') in 0.006935 seconds 
========================================================================
Received Import Request.
  Time since last request: 1.428465 seconds.
  path: Assets/Devion Games/Inventory System/Examples/Prefabs/Items
  artifactKey: Guid(d1ad8c9d97f39844ebd250c0d2bf7b12) Importer(815301076,1909f56bfc062723c751e8b465ee728b)
Start importing Assets/Devion Games/Inventory System/Examples/Prefabs/Items using Guid(d1ad8c9d97f39844ebd250c0d2bf7b12) Importer(815301076,1909f56bfc062723c751e8b465ee728b)  -> (artifact id: 'd6585e3e8f7535f1b1afe8b1510f554d') in 0.006214 seconds 
========================================================================
Received Import Request.
  Time since last request: 0.054289 seconds.
  path: Assets/Devion Games/Inventory System/Examples/Prefabs/Items/Arrow.prefab
  artifactKey: Guid(406b98225cd8404479b032b2508644f5) Importer(815301076,1909f56bfc062723c751e8b465ee728b)
Start importing Assets/Devion Games/Inventory System/Examples/Prefabs/Items/Arrow.prefab using Guid(406b98225cd8404479b032b2508644f5) Importer(815301076,1909f56bfc062723c751e8b465ee728b)  -> (artifact id: 'f82d84853837e44f6c102080a3435c3b') in 0.391551 seconds 
========================================================================
Received Import Request.
  Time since last request: 0.000021 seconds.
  path: Assets/Devion Games/Inventory System/Examples/Prefabs/Items/Raw Fish.prefab
  artifactKey: Guid(f759c16df3c7ec044a2aaa23d3c77645) Importer(815301076,1909f56bfc062723c751e8b465ee728b)
Start importing Assets/Devion Games/Inventory System/Examples/Prefabs/Items/Raw Fish.prefab using Guid(f759c16df3c7ec044a2aaa23d3c77645) Importer(815301076,1909f56bfc062723c751e8b465ee728b)  -> (artifact id: '3920986546d95a72eefa67ffb34bbd4a') in 0.256462 seconds 
========================================================================
Received Import Request.
  Time since last request: 0.000031 seconds.
  path: Assets/Devion Games/Inventory System/Examples/Prefabs/Items/Cooked Fish.prefab
  artifactKey: Guid(c041592fa5250614ca2cfef13669bda9) Importer(815301076,1909f56bfc062723c751e8b465ee728b)
Start importing Assets/Devion Games/Inventory System/Examples/Prefabs/Items/Cooked Fish.prefab using Guid(c041592fa5250614ca2cfef13669bda9) Importer(815301076,1909f56bfc062723c751e8b465ee728b)  -> (artifact id: '14092389200d9efe19844cc6c3391287') in 0.026093 seconds 
========================================================================
Received Import Request.
  Time since last request: 0.000036 seconds.
  path: Assets/Devion Games/Inventory System/Examples/Prefabs/Items/Pickaxe.prefab
  artifactKey: Guid(f8834d5f45c6f6c40906a029b73145c6) Importer(815301076,1909f56bfc062723c751e8b465ee728b)
Start importing Assets/Devion Games/Inventory System/Examples/Prefabs/Items/Pickaxe.prefab using Guid(f8834d5f45c6f6c40906a029b73145c6) Importer(815301076,1909f56bfc062723c751e8b465ee728b)  -> (artifact id: '10d119db5c21d5df2ad141a15deb2ff9') in 0.066457 seconds 
========================================================================
Received Import Request.
  Time since last request: 0.000022 seconds.
  path: Assets/Devion Games/Inventory System/Examples/Prefabs/Items/Health Potion.prefab
  artifactKey: Guid(7129d33baee5a304fa5a78de1cd04f6a) Importer(815301076,1909f56bfc062723c751e8b465ee728b)
Start importing Assets/Devion Games/Inventory System/Examples/Prefabs/Items/Health Potion.prefab using Guid(7129d33baee5a304fa5a78de1cd04f6a) Importer(815301076,1909f56bfc062723c751e8b465ee728b)  -> (artifact id: '78d678501cc46ca4c38dae5f7bcc493b') in 0.224161 seconds 
========================================================================
Received Import Request.
  Time since last request: 41.896530 seconds.
  path: Assets/Devion Games/Inventory System/Examples/Prefabs/Other/Anvil.prefab
  artifactKey: Guid(cd90baa0cfea9e54d927f2efd1268c8c) Importer(815301076,1909f56bfc062723c751e8b465ee728b)
Start importing Assets/Devion Games/Inventory System/Examples/Prefabs/Other/Anvil.prefab using Guid(cd90baa0cfea9e54d927f2efd1268c8c) Importer(815301076,1909f56bfc062723c751e8b465ee728b)  -> (artifact id: '552317a07659547b7974b72551edabd0') in 0.434918 seconds 
========================================================================
Received Import Request.
  Time since last request: 0.000022 seconds.
  path: Assets/Devion Games/Inventory System/Examples/Prefabs/Other/Fire.prefab
  artifactKey: Guid(b99a0a5998b2736429fd2a2fd1d01c5e) Importer(815301076,1909f56bfc062723c751e8b465ee728b)
Start importing Assets/Devion Games/Inventory System/Examples/Prefabs/Other/Fire.prefab using Guid(b99a0a5998b2736429fd2a2fd1d01c5e) Importer(815301076,1909f56bfc062723c751e8b465ee728b)  -> (artifact id: '0c399b73a750b36fea41745ada37943f') in 0.070038 seconds 
========================================================================
Received Import Request.
  Time since last request: 1.751444 seconds.
  path: Assets/Devion Games/Inventory System/Examples/Prefabs/Particle Effects/Air Burst.prefab
  artifactKey: Guid(4cc9f3750a13d25438b01048783f1021) Importer(815301076,1909f56bfc062723c751e8b465ee728b)
Start importing Assets/Devion Games/Inventory System/Examples/Prefabs/Particle Effects/Air Burst.prefab using Guid(4cc9f3750a13d25438b01048783f1021) Importer(815301076,1909f56bfc062723c751e8b465ee728b)  -> (artifact id: '90164e39cde9543720774b94308f247a') in 0.054074 seconds 
========================================================================
Received Import Request.
  Time since last request: 0.000047 seconds.
  path: Assets/Devion Games/Inventory System/Examples/Prefabs/Particle Effects/LargeBloodEffect.prefab
  artifactKey: Guid(b2688fc6ebd6a04479576858671a0b49) Importer(815301076,1909f56bfc062723c751e8b465ee728b)
Start importing Assets/Devion Games/Inventory System/Examples/Prefabs/Particle Effects/LargeBloodEffect.prefab using Guid(b2688fc6ebd6a04479576858671a0b49) Importer(815301076,1909f56bfc062723c751e8b465ee728b)  -> (artifact id: 'ba9653c1ddd0f8eaffaa90abb1855fa0') in 0.021595 seconds 
========================================================================
Received Import Request.
  Time since last request: 0.000018 seconds.
  path: Assets/Devion Games/Inventory System/Examples/Prefabs/Particle Effects/Flash.prefab
  artifactKey: Guid(1db5ef047b1568348812d704e6051ed0) Importer(815301076,1909f56bfc062723c751e8b465ee728b)
Start importing Assets/Devion Games/Inventory System/Examples/Prefabs/Particle Effects/Flash.prefab using Guid(1db5ef047b1568348812d704e6051ed0) Importer(815301076,1909f56bfc062723c751e8b465ee728b)  -> (artifact id: 'ef2ce3c87690b79f396a927c8752e039') in 0.037760 seconds 
========================================================================
Received Import Request.
  Time since last request: 0.000032 seconds.
  path: Assets/Devion Games/Inventory System/Examples/Prefabs/Particle Effects/Healing.prefab
  artifactKey: Guid(1b80c9f94defa634487a6d9f6e386f6a) Importer(815301076,1909f56bfc062723c751e8b465ee728b)
Start importing Assets/Devion Games/Inventory System/Examples/Prefabs/Particle Effects/Healing.prefab using Guid(1b80c9f94defa634487a6d9f6e386f6a) Importer(815301076,1909f56bfc062723c751e8b465ee728b)  -> (artifact id: '2d5350b88ac88a4ab7a72a3a3c50de4c') in 0.019250 seconds 
========================================================================
Received Import Request.
  Time since last request: 0.000048 seconds.
  path: Assets/Devion Games/Inventory System/Examples/Prefabs/Particle Effects/SmallBoneEffect.prefab
  artifactKey: Guid(c487cb21ff8b0654cb684860669379ae) Importer(815301076,1909f56bfc062723c751e8b465ee728b)
Start importing Assets/Devion Games/Inventory System/Examples/Prefabs/Particle Effects/SmallBoneEffect.prefab using Guid(c487cb21ff8b0654cb684860669379ae) Importer(815301076,1909f56bfc062723c751e8b465ee728b)  -> (artifact id: '0259da5a64908571b899a4d418cef7dd') in 0.021256 seconds 
========================================================================
Received Import Request.
  Time since last request: 0.000034 seconds.
  path: Assets/Devion Games/Inventory System/Examples/Prefabs/Particle Effects/Exp.prefab
  artifactKey: Guid(6bf46658136834f4da3d0726d48e1c0d) Importer(815301076,1909f56bfc062723c751e8b465ee728b)
Start importing Assets/Devion Games/Inventory System/Examples/Prefabs/Particle Effects/Exp.prefab using Guid(6bf46658136834f4da3d0726d48e1c0d) Importer(815301076,1909f56bfc062723c751e8b465ee728b)  -> (artifact id: 'cf013114eb1f4e9811a9605eabff8457') in 0.020980 seconds 
========================================================================
Received Import Request.
  Time since last request: 0.000024 seconds.
  path: Assets/Devion Games/Inventory System/Examples/Prefabs/Particle Effects/Thorn Storm.prefab
  artifactKey: Guid(3c862a2b5d5ff714bb42577484016571) Importer(815301076,1909f56bfc062723c751e8b465ee728b)
Start importing Assets/Devion Games/Inventory System/Examples/Prefabs/Particle Effects/Thorn Storm.prefab using Guid(3c862a2b5d5ff714bb42577484016571) Importer(815301076,1909f56bfc062723c751e8b465ee728b)  -> (artifact id: '16da2ec1525d1639bc3549e38195a252') in 0.025712 seconds 
========================================================================
Received Import Request.
  Time since last request: 0.000035 seconds.
  path: Assets/Devion Games/Inventory System/Examples/Prefabs/Particle Effects/Hit.prefab
  artifactKey: Guid(2aecc49ae18a147499dc13ba4b89d645) Importer(815301076,1909f56bfc062723c751e8b465ee728b)
Start importing Assets/Devion Games/Inventory System/Examples/Prefabs/Particle Effects/Hit.prefab using Guid(2aecc49ae18a147499dc13ba4b89d645) Importer(815301076,1909f56bfc062723c751e8b465ee728b)  -> (artifact id: 'ba486886406731ce09501d766399e20d') in 0.020002 seconds 
========================================================================
Received Import Request.
  Time since last request: 0.858529 seconds.
  path: Assets/Devion Games/Inventory System/Examples/Prefabs/Resources/Bush.prefab
  artifactKey: Guid(e73c2e77f45bdb543ad166ec6d7331ed) Importer(815301076,1909f56bfc062723c751e8b465ee728b)
Start importing Assets/Devion Games/Inventory System/Examples/Prefabs/Resources/Bush.prefab using Guid(e73c2e77f45bdb543ad166ec6d7331ed) Importer(815301076,1909f56bfc062723c751e8b465ee728b)  -> (artifact id: 'f5a468dc68bdfe1cad18d3f839455f2a') in 0.050324 seconds 
========================================================================
Received Import Request.
  Time since last request: 0.662834 seconds.
  path: Assets/Devion Games/Inventory System/Examples/Prefabs/UI/Genaral UI.prefab
  artifactKey: Guid(7711700c499322241ad0a6161fccb38f) Importer(815301076,1909f56bfc062723c751e8b465ee728b)
Start importing Assets/Devion Games/Inventory System/Examples/Prefabs/UI/Genaral UI.prefab using Guid(7711700c499322241ad0a6161fccb38f) Importer(815301076,1909f56bfc062723c751e8b465ee728b)  -> (artifact id: '7d13db242cd11e8c3b8e15f7b5ac8218') in 0.035472 seconds 
========================================================================
Received Prepare
Registering precompiled user dll's ...
Registered in 0.003866 seconds.
Begin MonoManager ReloadAssembly
Native extension for WindowsStandalone target not found
Native extension for WebGL target not found
Refreshing native plugins compatible for Editor in 1.35 ms, found 4 plugins.
Preloading 0 native plugins for Editor in 0.00 ms.
System.Exception: Error! Visual Scripting: couldn't find visual scripting package
  at Unity.VisualScripting.PackageVersionUtility.get_version () [0x00043] in D:\Marmalades\Marmaldes\Library\PackageCache\com.unity.visualscripting@1.8.0\Editor\VisualScripting.Core\Utilities\PackageVersionUtility.cs:31 
  at Unity.VisualScripting.BoltCoreManifest.get_version () [0x00000] in D:\Marmalades\Marmaldes\Library\PackageCache\com.unity.visualscripting@1.8.0\Editor\VisualScripting.Core\Plugin\BoltCoreManifest.cs:11 
  at Unity.VisualScripting.PluginManifest.get_currentVersion () [0x00000] in D:\Marmalades\Marmaldes\Library\PackageCache\com.unity.visualscripting@1.8.0\Editor\VisualScripting.Core\Plugins\PluginManifest.cs:33 
  at Unity.VisualScripting.PluginManifest.get_versionMismatch () [0x00000] in D:\Marmalades\Marmaldes\Library\PackageCache\com.unity.visualscripting@1.8.0\Editor\VisualScripting.Core\Plugins\PluginManifest.cs:48 
  at Unity.VisualScripting.PluginContainer.Initialize () [0x00525] in D:\Marmalades\Marmaldes\Library\PackageCache\com.unity.visualscripting@1.8.0\Editor\VisualScripting.Core\Plugins\PluginContainer.cs:208 
  at Unity.VisualScripting.PluginContainer.InitializeOnLoad () [0x00009] in D:\Marmalades\Marmaldes\Library\PackageCache\com.unity.visualscripting@1.8.0\Editor\VisualScripting.Core\Plugins\PluginContainer.cs:32 
  at Unity.VisualScripting.VSUsageUtility.DoInitializeOnLoadCalls () [0x00034] in D:\Marmalades\Marmaldes\Library\PackageCache\com.unity.visualscripting@1.8.0\Editor\VisualScripting.Core\Utilities\VSUsageUtility.cs:76 
  at Unity.VisualScripting.VSUsageUtility.set_isVisualScriptingUsed (System.Boolean value) [0x0002c] in D:\Marmalades\Marmaldes\Library\PackageCache\com.unity.visualscripting@1.8.0\Editor\VisualScripting.Core\Utilities\VSUsageUtility.cs:114 
  at Unity.VisualScripting.VSUsageUtility.CheckAndSetIsVisualScriptingUsed () [0x0000d] in D:\Marmalades\Marmaldes\Library\PackageCache\com.unity.visualscripting@1.8.0\Editor\VisualScripting.Core\Utilities\VSUsageUtility.cs:33 
  at Unity.VisualScripting.VSUsageUtility..cctor () [0x00000] in D:\Marmalades\Marmaldes\Library\PackageCache\com.unity.visualscripting@1.8.0\Editor\VisualScripting.Core\Utilities\VSUsageUtility.cs:22 
UnityEngine.StackTraceUtility:ExtractStackTrace ()
UnityEngine.DebugLogHandler:LogFormat (UnityEngine.LogType,UnityEngine.Object,string,object[])
UnityEngine.Logger:Log (UnityEngine.LogType,object)
UnityEngine.Debug:LogError (object)
UnityEditor.EditorAssemblies:ProcessInitializeOnLoadAttributes (System.Type[])

System.InvalidOperationException: The operation is not possible when moved past all properties (Next returned false)
  at UnityEditor.SerializedProperty.get_stringValue () [0x00013] in <42a64fd733d9417da1ea3a757ad9a96d>:0 
  at DevionGames.WriteInputManager.AxisDefined (System.String axisName) [0x0003c] in D:\Marmalades\Marmaldes\Assets\Devion Games\Third Person Controller\Scripts\Editor\WriteInputManager.cs:84 
  at DevionGames.WriteInputManager..cctor () [0x00000] in D:\Marmalades\Marmaldes\Assets\Devion Games\Third Person Controller\Scripts\Editor\WriteInputManager.cs:13 
UnityEngine.StackTraceUtility:ExtractStackTrace ()
UnityEngine.DebugLogHandler:LogFormat (UnityEngine.LogType,UnityEngine.Object,string,object[])
UnityEngine.Logger:Log (UnityEngine.LogType,object)
UnityEngine.Debug:LogError (object)
UnityEditor.EditorAssemblies:ProcessInitializeOnLoadAttributes (System.Type[])

Fixing exec order for 
UnityEngine.StackTraceUtility:ExtractStackTrace ()
UnityEngine.DebugLogHandler:LogFormat (UnityEngine.LogType,UnityEngine.Object,string,object[])
UnityEngine.Logger:Log (UnityEngine.LogType,object)
UnityEngine.Debug:Log (object)
DevionGames.StatSystem.ExecutionOrderValidator:.cctor () (at Assets/Devion Games/Stat System/Scripts/Editor/ExecutionOrderValidator.cs:18)
System.Runtime.CompilerServices.RuntimeHelpers:RunClassConstructor (System.RuntimeTypeHandle)
UnityEditor.EditorAssemblies:ProcessInitializeOnLoadAttributes (System.Type[])

(Filename: Assets/Devion Games/Stat System/Scripts/Editor/ExecutionOrderValidator.cs Line: 18)

Mono: successfully reloaded assembly
- Completed reload, in  1.622 seconds
Domain Reload Profiling:
	ReloadAssembly (1623ms)
		BeginReloadAssembly (164ms)
			ExecutionOrderSort (0ms)
			DisableScriptedObjects (8ms)
			BackupInstance (0ms)
			ReleaseScriptingObjects (0ms)
			CreateAndSetChildDomain (58ms)
		EndReloadAssembly (1361ms)
			LoadAssemblies (85ms)
			RebuildTransferFunctionScriptingTraits (0ms)
			SetupTypeCache (285ms)
			ReleaseScriptCaches (2ms)
			RebuildScriptCaches (63ms)
			SetupLoadedEditorAssemblies (665ms)
				LogAssemblyErrors (0ms)
				InitializePlatformSupportModulesInManaged (13ms)
				SetLoadedEditorAssemblies (0ms)
				RefreshPlugins (1ms)
				BeforeProcessingInitializeOnLoad (79ms)
				ProcessInitializeOnLoadAttributes (524ms)
				ProcessInitializeOnLoadMethodAttributes (39ms)
				AfterProcessingInitializeOnLoad (7ms)
				EditorAssembliesLoaded (0ms)
			ExecutionOrderSort2 (0ms)
			AwakeInstancesAfterBackupRestoration (10ms)
Platform modules already initialized, skipping
Refreshing native plugins compatible for Editor in 2.45 ms, found 4 plugins.
Preloading 0 native plugins for Editor in 0.00 ms.
Unloading 4790 Unused Serialized files (Serialized files now loaded: 0)
Unloading 33 unused Assets / (181.2 KB). Loaded Objects now: 5300.
Memory consumption went from 184.8 MB to 184.7 MB.
Total: 13.510000 ms (FindLiveObjects: 0.444300 ms CreateObjectMapping: 0.383400 ms MarkObjects: 12.124800 ms  DeleteObjects: 0.556100 ms)

AssetImportParameters requested are different than current active one (requested -> active):
  custom:video-decoder-ogg-theora: a1e56fd34408186e4bbccfd4996cb3dc -> 
  custom:container-muxer-webm: aa71ff27fc2769a1b78a27578f13a17b -> 
  custom:container-demuxer-webm: 4f35f7cbe854078d1ac9338744f61a02 -> 
  custom:video-encoder-webm-vp8: eb34c28f22e8b96e1ab97ce403110664 -> 
  custom:audio-encoder-webm-vorbis: bf7c407c2cedff20999df2af8eb42d56 -> 
  custom:framework-win-MediaFoundation: 216162199b28c13a410421893ffa2e32 -> 
  custom:container-demuxer-ogg: 62fdf1f143b41e24485cea50d1cbac27 -> 
  custom:video-decoder-webm-vp8: 9c59270c3fd7afecdb556c50c9e8de78 -> 
  custom:audio-decoder-ogg-vorbis: bf7c407c2cedff20999df2af8eb42d56 -> 
========================================================================
Received Prepare
Registering precompiled user dll's ...
Registered in 0.004109 seconds.
Begin MonoManager ReloadAssembly
Native extension for WindowsStandalone target not found
Native extension for WebGL target not found
Refreshing native plugins compatible for Editor in 0.86 ms, found 4 plugins.
Preloading 0 native plugins for Editor in 0.00 ms.
System.Exception: Error! Visual Scripting: couldn't find visual scripting package
  at Unity.VisualScripting.PackageVersionUtility.get_version () [0x00043] in D:\Marmalades\Marmaldes\Library\PackageCache\com.unity.visualscripting@1.8.0\Editor\VisualScripting.Core\Utilities\PackageVersionUtility.cs:31 
  at Unity.VisualScripting.BoltCoreManifest.get_version () [0x00000] in D:\Marmalades\Marmaldes\Library\PackageCache\com.unity.visualscripting@1.8.0\Editor\VisualScripting.Core\Plugin\BoltCoreManifest.cs:11 
  at Unity.VisualScripting.PluginManifest.get_currentVersion () [0x00000] in D:\Marmalades\Marmaldes\Library\PackageCache\com.unity.visualscripting@1.8.0\Editor\VisualScripting.Core\Plugins\PluginManifest.cs:33 
  at Unity.VisualScripting.PluginManifest.get_versionMismatch () [0x00000] in D:\Marmalades\Marmaldes\Library\PackageCache\com.unity.visualscripting@1.8.0\Editor\VisualScripting.Core\Plugins\PluginManifest.cs:48 
  at Unity.VisualScripting.PluginContainer.Initialize () [0x00525] in D:\Marmalades\Marmaldes\Library\PackageCache\com.unity.visualscripting@1.8.0\Editor\VisualScripting.Core\Plugins\PluginContainer.cs:208 
  at Unity.VisualScripting.PluginContainer.InitializeOnLoad () [0x00009] in D:\Marmalades\Marmaldes\Library\PackageCache\com.unity.visualscripting@1.8.0\Editor\VisualScripting.Core\Plugins\PluginContainer.cs:32 
  at Unity.VisualScripting.VSUsageUtility.DoInitializeOnLoadCalls () [0x00034] in D:\Marmalades\Marmaldes\Library\PackageCache\com.unity.visualscripting@1.8.0\Editor\VisualScripting.Core\Utilities\VSUsageUtility.cs:76 
  at Unity.VisualScripting.VSUsageUtility.set_isVisualScriptingUsed (System.Boolean value) [0x0002c] in D:\Marmalades\Marmaldes\Library\PackageCache\com.unity.visualscripting@1.8.0\Editor\VisualScripting.Core\Utilities\VSUsageUtility.cs:114 
  at Unity.VisualScripting.VSUsageUtility.CheckAndSetIsVisualScriptingUsed () [0x0000d] in D:\Marmalades\Marmaldes\Library\PackageCache\com.unity.visualscripting@1.8.0\Editor\VisualScripting.Core\Utilities\VSUsageUtility.cs:33 
  at Unity.VisualScripting.VSUsageUtility..cctor () [0x00000] in D:\Marmalades\Marmaldes\Library\PackageCache\com.unity.visualscripting@1.8.0\Editor\VisualScripting.Core\Utilities\VSUsageUtility.cs:22 
UnityEngine.StackTraceUtility:ExtractStackTrace ()
UnityEngine.DebugLogHandler:LogFormat (UnityEngine.LogType,UnityEngine.Object,string,object[])
UnityEngine.Logger:Log (UnityEngine.LogType,object)
UnityEngine.Debug:LogError (object)
UnityEditor.EditorAssemblies:ProcessInitializeOnLoadAttributes (System.Type[])

Mono: successfully reloaded assembly
- Completed reload, in  1.582 seconds
Domain Reload Profiling:
	ReloadAssembly (1583ms)
		BeginReloadAssembly (172ms)
			ExecutionOrderSort (0ms)
			DisableScriptedObjects (7ms)
			BackupInstance (0ms)
			ReleaseScriptingObjects (0ms)
			CreateAndSetChildDomain (56ms)
		EndReloadAssembly (1311ms)
			LoadAssemblies (98ms)
			RebuildTransferFunctionScriptingTraits (0ms)
			SetupTypeCache (286ms)
			ReleaseScriptCaches (2ms)
			RebuildScriptCaches (55ms)
			SetupLoadedEditorAssemblies (616ms)
				LogAssemblyErrors (0ms)
				InitializePlatformSupportModulesInManaged (13ms)
				SetLoadedEditorAssemblies (0ms)
				RefreshPlugins (1ms)
				BeforeProcessingInitializeOnLoad (78ms)
				ProcessInitializeOnLoadAttributes (479ms)
				ProcessInitializeOnLoadMethodAttributes (37ms)
				AfterProcessingInitializeOnLoad (8ms)
				EditorAssembliesLoaded (0ms)
			ExecutionOrderSort2 (0ms)
			AwakeInstancesAfterBackupRestoration (10ms)
Platform modules already initialized, skipping
Refreshing native plugins compatible for Editor in 2.02 ms, found 4 plugins.
Preloading 0 native plugins for Editor in 0.00 ms.
Unloading 4336 Unused Serialized files (Serialized files now loaded: 0)
Unloading 374 unused Assets / (158.5 KB). Loaded Objects now: 4960.
Memory consumption went from 175.2 MB to 175.0 MB.
Total: 13.444600 ms (FindLiveObjects: 0.449300 ms CreateObjectMapping: 0.388700 ms MarkObjects: 12.340600 ms  DeleteObjects: 0.264300 ms)

AssetImportParameters requested are different than current active one (requested -> active):
  custom:video-decoder-ogg-theora: a1e56fd34408186e4bbccfd4996cb3dc -> 
  custom:container-muxer-webm: aa71ff27fc2769a1b78a27578f13a17b -> 
  custom:container-demuxer-webm: 4f35f7cbe854078d1ac9338744f61a02 -> 
  custom:video-encoder-webm-vp8: eb34c28f22e8b96e1ab97ce403110664 -> 
  custom:audio-encoder-webm-vorbis: bf7c407c2cedff20999df2af8eb42d56 -> 
  custom:framework-win-MediaFoundation: 216162199b28c13a410421893ffa2e32 -> 
  custom:container-demuxer-ogg: 62fdf1f143b41e24485cea50d1cbac27 -> 
  custom:video-decoder-webm-vp8: 9c59270c3fd7afecdb556c50c9e8de78 -> 
  custom:audio-decoder-ogg-vorbis: bf7c407c2cedff20999df2af8eb42d56 -> 
